build/intermediates/manifest_merge_blame_file/debug/manifest-merger-blame-debug-report.txt
1<?xml version="1.0" encoding="utf-8"?>
2<manifest xmlns:android="http://schemas.android.com/apk/res/android"
3    package="com.android.factorytest"
4    android:versionCode="1"
5    android:versionName="1.0" >
6
7    <uses-sdk
8        android:minSdkVersion="23"
8-->AutoTester\AndroidManifest.xml
9        android:targetSdkVersion="24" />
9-->[com.android.support.constraint:constraint-layout:1.1.3] AndroidManifest.xml:7:9-38
10
11    <uses-permission android:name="android.permission.READ_EXTERNAL_STORAGE" />
11-->AutoTester\AndroidManifest.xml:8:5-80
11-->AutoTester\AndroidManifest.xml:8:22-77
12    <uses-permission android:name="android.permission.WRITE_EXTERNAL_STORAGE" />
12-->AutoTester\AndroidManifest.xml:9:5-81
12-->AutoTester\AndroidManifest.xml:9:22-78
13    <uses-permission android:name="android.permission.ACCESS_WIFI_STATE" />
13-->AutoTester\AndroidManifest.xml:10:5-76
13-->AutoTester\AndroidManifest.xml:10:22-73
14    <uses-permission android:name="android.permission.CHANGE_WIFI_STATE" />
14-->AutoTester\AndroidManifest.xml:11:5-76
14-->AutoTester\AndroidManifest.xml:11:22-73
15    <uses-permission android:name="android.permission.BLUETOOTH" />
15-->AutoTester\AndroidManifest.xml:12:5-68
15-->AutoTester\AndroidManifest.xml:12:22-65
16    <uses-permission android:name="android.permission.BLUETOOTH_ADMIN" />
16-->AutoTester\AndroidManifest.xml:13:5-74
16-->AutoTester\AndroidManifest.xml:13:22-71
17    <uses-permission android:name="android.permission.READ_PHONE_STATE" />
17-->AutoTester\AndroidManifest.xml:14:5-75
17-->AutoTester\AndroidManifest.xml:14:22-72
18    <uses-permission android:name="android.permission.BROADCAST_STICKY" />
18-->AutoTester\AndroidManifest.xml:15:5-75
18-->AutoTester\AndroidManifest.xml:15:22-72
19    <uses-permission android:name="android.permission.RECORD_AUDIO" />
19-->AutoTester\AndroidManifest.xml:16:5-71
19-->AutoTester\AndroidManifest.xml:16:22-68
20
21    <application
21-->AutoTester\AndroidManifest.xml:18:5-55:19
22        android:allowBackup="true"
22-->AutoTester\AndroidManifest.xml:19:9-35
23        android:debuggable="true"
24        android:icon="@drawable/ic_launcher"
24-->AutoTester\AndroidManifest.xml:20:9-45
25        android:label="@string/app_name"
25-->AutoTester\AndroidManifest.xml:21:9-41
26        android:testOnly="true"
27        android:theme="@style/AppTheme" >
27-->AutoTester\AndroidManifest.xml:22:9-40
28        <activity android:name="com.android.factorytest.HomeActivity" >
28-->AutoTester\AndroidManifest.xml:23:9-29:24
28-->AutoTester\AndroidManifest.xml:24:13-41
29            <intent-filter>
29-->AutoTester\AndroidManifest.xml:25:13-28:29
30                <action android:name="android.intent.action.MAIN" />
30-->AutoTester\AndroidManifest.xml:26:17-69
30-->AutoTester\AndroidManifest.xml:26:25-66
31
32                <category android:name="android.intent.category.LAUNCHER" />
32-->AutoTester\AndroidManifest.xml:27:17-77
32-->AutoTester\AndroidManifest.xml:27:27-74
33            </intent-filter>
34        </activity>
35        <activity android:name="com.android.factorytest.JsonCreatorActivity" />
35-->AutoTester\AndroidManifest.xml:30:9-57
35-->AutoTester\AndroidManifest.xml:30:19-54
36        <activity android:name="com.android.factorytest.MainActivity" >
36-->AutoTester\AndroidManifest.xml:31:9-37:20
36-->AutoTester\AndroidManifest.xml:32:13-41
37
38            <!-- android:label="@string/app_name" <intent-filter> -->
39            <!-- <action android:name="android.intent.action.MAIN" /> -->
40            <!-- <category android:name="android.intent.category.LAUNCHER" /> -->
41            <!-- </intent-filter> -->
42        </activity>
43        <activity android:name="com.android.factorytest.TestColor" />
43-->AutoTester\AndroidManifest.xml:38:9-47
43-->AutoTester\AndroidManifest.xml:38:19-44
44        <activity android:name="com.android.factorytest.TestSd" />
44-->AutoTester\AndroidManifest.xml:39:9-44
44-->AutoTester\AndroidManifest.xml:39:19-41
45        <activity android:name="com.android.factorytest.TestCamera" />
45-->AutoTester\AndroidManifest.xml:40:9-48
45-->AutoTester\AndroidManifest.xml:40:19-45
46        <activity android:name="com.android.factorytest.TestWiFi" />
46-->AutoTester\AndroidManifest.xml:41:9-46
46-->AutoTester\AndroidManifest.xml:41:19-43
47        <activity android:name="com.android.factorytest.TestTouch" />
47-->AutoTester\AndroidManifest.xml:42:9-47
47-->AutoTester\AndroidManifest.xml:42:19-44
48        <activity android:name="com.android.factorytest.TestBluetooth" />
48-->AutoTester\AndroidManifest.xml:43:9-51
48-->AutoTester\AndroidManifest.xml:43:19-48
49        <activity android:name="com.android.factorytest.TestAudioVideo" />
49-->AutoTester\AndroidManifest.xml:44:9-52
49-->AutoTester\AndroidManifest.xml:44:19-49
50        <activity android:name="com.android.factorytest.TestRecord" />
50-->AutoTester\AndroidManifest.xml:45:9-48
50-->AutoTester\AndroidManifest.xml:45:19-45
51        <activity android:name="com.android.factorytest.TestGpio" />
51-->AutoTester\AndroidManifest.xml:46:9-46
51-->AutoTester\AndroidManifest.xml:46:19-43
52        <activity android:name="com.android.factorytest.TestFingerprint" />
52-->AutoTester\AndroidManifest.xml:47:9-53
52-->AutoTester\AndroidManifest.xml:47:19-50
53        <activity android:name="com.android.factorytest.TestGsensor" />
53-->AutoTester\AndroidManifest.xml:48:9-49
53-->AutoTester\AndroidManifest.xml:48:19-46
54        <activity android:name="com.android.factorytest.TestFpFlash" />
54-->AutoTester\AndroidManifest.xml:49:9-49
54-->AutoTester\AndroidManifest.xml:49:19-46
55        <activity android:name="com.android.factorytest.TestUart" />
55-->AutoTester\AndroidManifest.xml:50:9-46
55-->AutoTester\AndroidManifest.xml:50:19-43
56        <activity android:name="com.android.factorytest.SerialPortSet" />
56-->AutoTester\AndroidManifest.xml:51:9-51
56-->AutoTester\AndroidManifest.xml:51:19-48
57        <activity
57-->AutoTester\AndroidManifest.xml:52:9-54:65
58            android:name="com.android.factorytest.TestFlash"
58-->AutoTester\AndroidManifest.xml:53:13-38
59            android:label="@string/title_activity_test_flash" />
59-->AutoTester\AndroidManifest.xml:54:13-62
60    </application>
61
62</manifest>